<?xml version="1.0" encoding="UTF-8"?>
<beans xmlns="http://www.springframework.org/schema/beans"
       xmlns:xsi="http://www.w3.org/2001/XMLSchema-instance"
       xsi:schemaLocation="http://www.springframework.org/schema/beans
    	http://www.springframework.org/schema/beans/spring-beans-3.0.xsd">
    <bean id="dataSource" class="org.springframework.jdbc.datasource.DriverManagerDataSource">
        <property name="url" value="jdbc:mysql://localhost:3306/toby"/>
        <property name="username" value="root"/>
        <property name="password" value="root"/>
    </bean>

    <bean id="userDao" class="com.springbook.practice.dao.UserDaoJdbc">
        <property name="dataSource" ref="dataSource"/>
    </bean>

    <bean id="userServiceImpl" class="com.springbook.practice.service.UserServiceImpl">
        <property name="userDao" ref="userDao"/>
        <property name="mailSender" ref="mailSender"/>
    </bean>

    <bean id="userService" class="com.springbook.practice.service.UserServiceTx">
        <property name="userService" ref="userServiceImpl"/>
        <property name="transactionManager" ref="transactionManager"/>
    </bean>
    <bean id="transactionManager" class="org.springframework.jdbc.datasource.DataSourceTransactionManager">
        <property name="dataSource" ref="dataSource"/>
    </bean>

    <bean id="mailSender" class="com.springbook.practice.service.DummyMailSender"/>

    <bean id="notCreateByConstructor" class="com.springbook.practice.factoryBean.NotCreateByConstructorFactoryBean">
        <property name="value" value="FactoryBean!!"/>
    </bean>
</beans>